[preview.uideck.com/items/smart-demo/assets/smart/index.html]
[backblue.gif]
[fade.gif]
[index.html]
[preview.uideck.com/items/smart-demo/assets/smart/assets/images/favicon.png]
[preview.uideck.com/items/smart-demo/assets/smart/assets/css/bootstrap.min.css]
[preview.uideck.com/items/smart-demo/assets/smart/assets/css/LineIcons.css]
[preview.uideck.com/items/smart-demo/assets/smart/assets/css/magnific-popup.css]
[preview.uideck.com/items/smart-demo/assets/smart/assets/css/slick.css]
[preview.uideck.com/items/smart-demo/assets/smart/assets/css/animate.css]
[preview.uideck.com/items/smart-demo/assets/smart/assets/css/default.css]
[preview.uideck.com/items/smart-demo/assets/smart/assets/css/style.css]
[preview.uideck.com/items/smart-demo/assets/smart/assets/images/logo.png]
[preview.uideck.com/items/smart-demo/assets/smart/assets/images/slider-1.jpg]
[preview.uideck.com/items/smart-demo/assets/smart/assets/images/slider-2.jpg]
[preview.uideck.com/items/smart-demo/assets/smart/assets/images/slider-3.jpg]
[preview.uideck.com/items/smart-demo/assets/smart/assets/images/logo-alt.png]
[preview.uideck.com/items/smart-demo/assets/smart/assets/images/services.png]
[preview.uideck.com/items/smart-demo/assets/smart/assets/images/icon-1.png]
[preview.uideck.com/items/smart-demo/assets/smart/assets/images/icon-2.png]
[preview.uideck.com/items/smart-demo/assets/smart/assets/images/icon-3.png]
[preview.uideck.com/items/smart-demo/assets/smart/assets/images/icon-4.png]
[preview.uideck.com/items/smart-demo/assets/smart/assets/images/portfolio-1.png]
[preview.uideck.com/items/smart-demo/assets/smart/assets/images/portfolio-2.png]
[preview.uideck.com/items/smart-demo/assets/smart/assets/images/portfolio-3.png]
[preview.uideck.com/items/smart-demo/assets/smart/assets/images/portfolio-4.png]
[preview.uideck.com/items/smart-demo/assets/smart/assets/images/portfolio-5.png]
[preview.uideck.com/items/smart-demo/assets/smart/assets/images/portfolio-6.png]
[preview.uideck.com/items/smart-demo/assets/smart/assets/images/wman.svg]
[preview.uideck.com/items/smart-demo/assets/smart/assets/images/author-3.jpg]
[preview.uideck.com/items/smart-demo/assets/smart/assets/images/author-1.jpg]
[preview.uideck.com/items/smart-demo/assets/smart/assets/images/author-2.jpg]
[preview.uideck.com/items/smart-demo/assets/smart/assets/images/author-4.jpg]
[preview.uideck.com/items/smart-demo/assets/smart/assets/images/client_logo_01.png]
[preview.uideck.com/items/smart-demo/assets/smart/assets/images/client_logo_02.png]
[preview.uideck.com/items/smart-demo/assets/smart/assets/images/client_logo_03.png]
[preview.uideck.com/items/smart-demo/assets/smart/assets/images/client_logo_04.png]
[preview.uideck.com/items/smart-demo/assets/smart/assets/images/client_logo_05.png]
[preview.uideck.com/items/smart-demo/assets/smart/assets/images/client_logo_06.png]
[preview.uideck.com/items/smart-demo/assets/smart/assets/images/client_logo_07.png]
[preview.uideck.com/items/smart-demo/assets/smart/assets/images/client_logo_08.png]
[preview.uideck.com/items/smart-demo/assets/smart/assets/images/logo-2.svg]
[preview.uideck.com/cdn-cgi/scripts/5c5dd728/cloudflare-static/email-decode.min.js]
[preview.uideck.com/items/smart-demo/assets/smart/assets/js/vendor/modernizr-3.6.0.min.js]
[preview.uideck.com/items/smart-demo/assets/smart/assets/js/vendor/jquery-1.12.4.min.js]
[preview.uideck.com/items/smart-demo/assets/smart/assets/js/bootstrap.min.js]
[preview.uideck.com/items/smart-demo/assets/smart/assets/js/popper.min.js]
[preview.uideck.com/items/smart-demo/assets/smart/assets/js/slick.min.js]
[preview.uideck.com/items/smart-demo/assets/smart/assets/js/isotope.pkgd.min.js]
[preview.uideck.com/items/smart-demo/assets/smart/assets/js/imagesloaded.pkgd.min.js]
[preview.uideck.com/items/smart-demo/assets/smart/assets/js/jquery.magnific-popup.min.js]
[preview.uideck.com/items/smart-demo/assets/smart/assets/js/scrolling-nav.js]
[preview.uideck.com/items/smart-demo/assets/smart/assets/js/jquery.easing.min.js]
[preview.uideck.com/items/smart-demo/assets/smart/assets/js/ajax-contact.js]
[preview.uideck.com/items/smart-demo/assets/smart/assets/js/wow.min.js]
[preview.uideck.com/items/smart-demo/assets/smart/index.html]
[preview.uideck.com/items/smart-demo/assets/smart/assets/css/bootstrap.min.css]
[preview.uideck.com/items/smart-demo/assets/smart/assets/js/main.js]
[preview.uideck.com/items/smart-demo/assets/smart/assets/fonts/LineIcons5594.eot]
[preview.uideck.com/items/smart-demo/assets/smart/assets/fonts/LineIcons5594.ttf]
[preview.uideck.com/items/smart-demo/assets/smart/assets/fonts/LineIcons5594.woff]
[preview.uideck.com/items/smart-demo/assets/smart/assets/css/LineIcons.css]
[preview.uideck.com/items/smart-demo/assets/smart/assets/css/magnific-popup.css]
[preview.uideck.com/items/smart-demo/assets/smart/assets/css/slick.css]
[preview.uideck.com/items/smart-demo/assets/smart/assets/css/animate.css]
[preview.uideck.com/items/smart-demo/assets/smart/assets/css/default.css]
[preview.uideck.com/items/smart-demo/assets/smart/assets/css/style.css]
[preview.uideck.com/items/smart-demo/assets/smart/assets/images/wman.svg]
[preview.uideck.com/items/smart-demo/assets/smart/assets/images/logo-2.svg]
[preview.uideck.com/items/smart-demo/assets/smart/assets/fonts/LineIcons5594.svg]
[preview.uideck.com/items/smart-demo/assets/smart/assets/fonts/LineIcons5594.svg]
